mode: set
github.com/AnuchitO/qoomlee-payment/payment/booking_client.go:20.77,26.2 1 0
github.com/AnuchitO/qoomlee-payment/payment/booking_client.go:36.97,39.16 2 0
github.com/AnuchitO/qoomlee-payment/payment/booking_client.go:39.16,41.3 1 0
github.com/AnuchitO/qoomlee-payment/payment/booking_client.go:43.2,44.16 2 0
github.com/AnuchitO/qoomlee-payment/payment/booking_client.go:44.16,46.3 1 0
github.com/AnuchitO/qoomlee-payment/payment/booking_client.go:47.2,49.44 2 0
github.com/AnuchitO/qoomlee-payment/payment/booking_client.go:49.44,51.3 1 0
github.com/AnuchitO/qoomlee-payment/payment/booking_client.go:52.2,52.38 1 0
github.com/AnuchitO/qoomlee-payment/payment/booking_client.go:52.38,54.3 1 0
github.com/AnuchitO/qoomlee-payment/payment/booking_client.go:56.2,57.62 2 0
github.com/AnuchitO/qoomlee-payment/payment/booking_client.go:57.62,59.3 1 0
github.com/AnuchitO/qoomlee-payment/payment/booking_client.go:61.2,67.8 1 0
github.com/AnuchitO/qoomlee-payment/payment/booking_client.go:77.103,88.16 3 0
github.com/AnuchitO/qoomlee-payment/payment/booking_client.go:88.16,90.3 1 0
github.com/AnuchitO/qoomlee-payment/payment/booking_client.go:91.2,95.16 4 0
github.com/AnuchitO/qoomlee-payment/payment/booking_client.go:95.16,97.3 1 0
github.com/AnuchitO/qoomlee-payment/payment/booking_client.go:98.2,100.38 2 0
github.com/AnuchitO/qoomlee-payment/payment/booking_client.go:100.38,102.3 1 0
github.com/AnuchitO/qoomlee-payment/payment/booking_client.go:103.2,103.12 1 0
github.com/AnuchitO/qoomlee-payment/payment/handler.go:19.39,21.2 1 1
github.com/AnuchitO/qoomlee-payment/payment/handler.go:23.41,25.2 1 1
github.com/AnuchitO/qoomlee-payment/payment/handler.go:28.42,30.47 2 1
github.com/AnuchitO/qoomlee-payment/payment/handler.go:30.47,33.3 2 0
github.com/AnuchitO/qoomlee-payment/payment/handler.go:35.2,35.26 1 1
github.com/AnuchitO/qoomlee-payment/payment/handler.go:35.26,38.3 2 1
github.com/AnuchitO/qoomlee-payment/payment/handler.go:39.2,39.26 1 1
github.com/AnuchitO/qoomlee-payment/payment/handler.go:39.26,42.3 2 1
github.com/AnuchitO/qoomlee-payment/payment/handler.go:43.2,43.26 1 1
github.com/AnuchitO/qoomlee-payment/payment/handler.go:43.26,46.3 2 1
github.com/AnuchitO/qoomlee-payment/payment/handler.go:48.2,49.16 2 1
github.com/AnuchitO/qoomlee-payment/payment/handler.go:49.16,51.10 2 1
github.com/AnuchitO/qoomlee-payment/payment/handler.go:52.39,53.107 1 1
github.com/AnuchitO/qoomlee-payment/payment/handler.go:54.42,55.99 1 1
github.com/AnuchitO/qoomlee-payment/payment/handler.go:56.29,61.6 1 1
github.com/AnuchitO/qoomlee-payment/payment/handler.go:62.11,64.101 2 1
github.com/AnuchitO/qoomlee-payment/payment/handler.go:66.3,66.9 1 1
github.com/AnuchitO/qoomlee-payment/payment/handler.go:69.2,78.4 1 1
github.com/AnuchitO/qoomlee-payment/payment/models.go:28.45,30.2 1 0
github.com/AnuchitO/qoomlee-payment/payment/omise_client.go:16.72,18.16 2 0
github.com/AnuchitO/qoomlee-payment/payment/omise_client.go:18.16,20.3 1 0
github.com/AnuchitO/qoomlee-payment/payment/omise_client.go:21.2,21.37 1 0
github.com/AnuchitO/qoomlee-payment/payment/omise_client.go:24.123,30.17 2 0
github.com/AnuchitO/qoomlee-payment/payment/omise_client.go:30.17,32.3 1 0
github.com/AnuchitO/qoomlee-payment/payment/omise_client.go:34.2,38.31 2 0
github.com/AnuchitO/qoomlee-payment/payment/omise_client.go:38.31,40.3 1 0
github.com/AnuchitO/qoomlee-payment/payment/omise_client.go:41.2,41.34 1 0
github.com/AnuchitO/qoomlee-payment/payment/omise_client.go:41.34,43.3 1 0
github.com/AnuchitO/qoomlee-payment/payment/omise_client.go:44.2,44.20 1 0
github.com/AnuchitO/qoomlee-payment/payment/repository.go:13.43,15.2 1 0
github.com/AnuchitO/qoomlee-payment/payment/repository.go:17.88,19.24 2 0
github.com/AnuchitO/qoomlee-payment/payment/repository.go:19.24,21.3 1 0
github.com/AnuchitO/qoomlee-payment/payment/repository.go:23.2,34.16 2 0
github.com/AnuchitO/qoomlee-payment/payment/repository.go:34.16,36.3 1 0
github.com/AnuchitO/qoomlee-payment/payment/repository.go:37.2,37.15 1 0
github.com/AnuchitO/qoomlee-payment/payment/repository.go:40.39,42.2 1 0
github.com/AnuchitO/qoomlee-payment/payment/service.go:36.85,38.2 1 1
github.com/AnuchitO/qoomlee-payment/payment/service.go:40.84,42.16 2 1
github.com/AnuchitO/qoomlee-payment/payment/service.go:42.16,44.3 1 1
github.com/AnuchitO/qoomlee-payment/payment/service.go:46.2,46.39 1 1
github.com/AnuchitO/qoomlee-payment/payment/service.go:46.39,48.3 1 1
github.com/AnuchitO/qoomlee-payment/payment/service.go:50.2,50.85 1 1
github.com/AnuchitO/qoomlee-payment/payment/service.go:50.85,52.3 1 1
github.com/AnuchitO/qoomlee-payment/payment/service.go:54.2,55.16 2 1
github.com/AnuchitO/qoomlee-payment/payment/service.go:55.16,57.3 1 1
github.com/AnuchitO/qoomlee-payment/payment/service.go:59.2,68.31 2 1
github.com/AnuchitO/qoomlee-payment/payment/service.go:68.31,72.50 4 1
github.com/AnuchitO/qoomlee-payment/payment/service.go:72.50,74.4 1 0
github.com/AnuchitO/qoomlee-payment/payment/service.go:75.3,78.4 1 1
github.com/AnuchitO/qoomlee-payment/payment/service.go:81.2,84.16 4 1
github.com/AnuchitO/qoomlee-payment/payment/service.go:84.16,86.3 1 1
github.com/AnuchitO/qoomlee-payment/payment/service.go:88.2,92.17 1 1
github.com/AnuchitO/qoomlee-payment/payment/service.go:92.17,94.3 1 1
github.com/AnuchitO/qoomlee-payment/payment/service.go:96.2,96.22 1 1
